
09/02 18:49:00: Launching 'app' on samsung SM-A705FN.
Install successfully finished in 19 s 656 ms.
$ adb shell am start -n "com.example.basicbench/com.example.basicbench.MainActivity" -a android.intent.action.MAIN -c android.intent.category.LAUNCHER
Connected to process 27949 on device 'samsung-sm_a705fn-R58M71ESA7F'.
Capturing and displaying logcat messages from application. This behavior can be disabled in the "Logcat output" section of the "Debugger" settings page.
D/ActivityThread: handleBindApplication()++ app=com.example.basicbench
D/ActivityThread: handleBindApplication() -- skipGraphicsSupport=false
D/ActivityThread: ActivityThread::handleMakeApplication() data=AppBindData{appInfo=ApplicationInfo{82b64b7 com.example.basicbench}} appContext=android.app.ContextImpl@fb3d424 appContext.mOpPackageName=com.example.basicbench appContext.mBasePackageName=com.example.basicbench appContext.mPackageInfo=android.app.LoadedApk@20c7b8d data.restrictedBackupMode= false data.providers= [] Caller=android.app.ActivityThread.handleBindApplication:7440 android.app.ActivityThread.access$1400:301 android.app.ActivityThread$H.handleMessage:2148 android.os.Handler.dispatchMessage:106 android.os.Looper.loop:246 
D/LoadedApk: LoadedApk::makeApplication() appContext=android.app.ContextImpl@903c142 appContext.mOpPackageName=com.example.basicbench appContext.mBasePackageName=com.example.basicbench appContext.mPackageInfo=android.app.LoadedApk@20c7b8d
D/NetworkSecurityConfig: No Network Security Config specified, using platform default
D/NetworkSecurityConfig: No Network Security Config specified, using platform default
I/AdrenoGLES-0: QUALCOMM build                   : e1ac91e, I2b3b5fbd00
    Build Date                       : 11/17/20
    OpenGL ES Shader Compiler Version: EV031.32.02.06
    Local Branch                     : 
    Remote Branch                    : 
    Remote Branch                    : 
    Reconstruct Branch               : 
    Build Config                     : S P 10.0.7 AArch64
    Driver Path                      : /vendor/lib64/egl/libGLESv2_adreno.so
I/AdrenoGLES-0: PFP: 0x016ee190, ME: 0x00000000
I/DecorView: [INFO] isPopOver=false, config=true
    updateCaptionType >> DecorView@1ff056c[], isFloating=false, isApplication=true, hasWindowDecorCaption=false, hasWindowControllerCallback=true
D/DecorView: setCaptionType = 0, this = DecorView@1ff056c[]
W/mple.basicbenc: Accessing hidden method Landroid/view/View;->computeFitSystemWindows(Landroid/graphics/Rect;Landroid/graphics/Rect;)Z (greylist, reflection, allowed)
W/mple.basicbenc: Accessing hidden method Landroid/view/ViewGroup;->makeOptionalFitsSystemWindows()V (greylist, reflection, allowed)
I/pllab_opencl-jni: ref of clGetPlatformIDs:0
I/pllab_opencl-jni: ref of clGetDeviceIDs:0
I/pllab_opencl-jni: ref of clCreateContext:0
    ref of clGetDeviceInfo:0
    ref of clGetDeviceInfo:0
    ref of clGetDeviceInfo:0
D/InputTransport: Input channel constructed: 'ccf8095', fd=76
I/ViewRootImpl@d083b88[MainActivity]: setView = com.android.internal.policy.DecorView@1ff056c TM=true
I/SurfaceControl: assignNativeObject: nativeObject = 0 Surface(name=null)/@0xebefc93 / android.view.SurfaceControl.readFromParcel:1115 android.view.IWindowSession$Stub$Proxy.relayout:1820 android.view.ViewRootImpl.relayoutWindow:9005 android.view.ViewRootImpl.performTraversals:3360 android.view.ViewRootImpl.doTraversal:2618 android.view.ViewRootImpl$TraversalRunnable.run:9965 android.view.Choreographer$CallbackRecord.run:1010 android.view.Choreographer.doCallbacks:809 android.view.Choreographer.doFrame:744 android.view.Choreographer$FrameDisplayEventReceiver.run:995 
I/ViewRootImpl@d083b88[MainActivity]: Relayout returned: old=(0,0,1080,2400) new=(0,0,1080,2400) req=(1080,2400)0 dur=11 res=0x7 s={true -5476376653227350736} ch=true fn=-1
I/ViewRootImpl@d083b88[MainActivity]: MSG_WINDOW_FOCUS_CHANGED 1 1
D/InputMethodManager: prepareNavigationBarInfo() DecorView@1ff056c[MainActivity]
    getNavigationBarColor() -855310
D/InputMethodManager: prepareNavigationBarInfo() DecorView@1ff056c[MainActivity]
    getNavigationBarColor() -855310
V/InputMethodManager: Starting input: tba=com.example.basicbench ic=null mNaviBarColor -855310 mIsGetNaviBarColorSuccess true , NavVisible : true , NavTrans : false
D/InputMethodManager: startInputInner - Id : 0
I/InputMethodManager: startInputInner - mService.startInputOrWindowGainedFocus
D/InputTransport: Input channel constructed: 'ClientS', fd=82
D/InputMethodManager: prepareNavigationBarInfo() DecorView@1ff056c[MainActivity]
D/InputMethodManager: getNavigationBarColor() -855310
V/InputMethodManager: Starting input: tba=com.example.basicbench ic=null mNaviBarColor -855310 mIsGetNaviBarColorSuccess true , NavVisible : true , NavTrans : false
D/InputMethodManager: startInputInner - Id : 0
D/SurfaceControl: hide : mNativeObject = -5476376657521914464 - sc.mNativeObject = -5476376657521927488 - Surface(name=Surface(name=b12775d InputMethod)/@0xd16fda3 - animation-leash)/@0xb953094
D/SurfaceControl: nativeSetFlags Done : Surface(name=Surface(name=b12775d InputMethod)/@0xd16fda3 - animation-leash)/@0xb953094
I/SurfaceControl: release : mNativeObject = -5476376657522274032 - Surface(name=Surface(name=b685148 NavigationBar0)/@0x42cfdb5 - animation-leash)/@0x9caf73d / android.view.-$$Lambda$Rl1VZmNJ0VZDLK0BAbaVGis0rrA.accept:2 android.view.InsetsSourceControl.release:170 android.view.InsetsSourceConsumer.setControl:202 android.view.InsetsController.onControlsChanged:833 
    nativeRelease nativeObject s[-5476376657522274032]
    nativeRelease nativeObject e[-5476376657522274032]
    release : mNativeObject = -5476376657522266464 - Surface(name=Surface(name=a1652f2 StatusBar)/@0xd7da3e - animation-leash)/@0x8ee0b32 / android.view.-$$Lambda$Rl1VZmNJ0VZDLK0BAbaVGis0rrA.accept:2 android.view.InsetsSourceControl.release:170 android.view.InsetsSourceConsumer.setControl:202 android.view.InsetsController.onControlsChanged:833 
    nativeRelease nativeObject s[-5476376657522266464]
    nativeRelease nativeObject e[-5476376657522266464]
I/mple.basicbenc: Thread[5,tid=5257,WaitingInMainSignalCatcherLoop,Thread*=0xb4000072e023cdd0,peer=0x13c00250,"Signal Catcher"]: reacting to signal 28
    SIGSAVEPRF profile save
I/ViewRootImpl@d083b88[MainActivity]: ViewPostIme pointer 0
I/ViewRootImpl@d083b88[MainActivity]: ViewPostIme pointer 1
W/Test:: Flops
W/Half1: : 		127.79696436202717 GHLOPS
W/Half2: : 		147.95009229126757 GHLOPS
W/Half4: : 		160.1241538639399 GHLOPS
W/Half8: : 		166.28437887962266 GHLOPS
W/Half16: : 	168.1275832803172 GHLOPS
W/Int1: : 		21.1761334641905 GILOPS
W/Int2: : 		21.653548081097206 GILOPS
W/Int4: : 		21.879907663288915 GILOPS
W/Int8: : 		19.54260226712165 GILOPS
W/Int16: : 		338.9515685661737 GILOPS
W/Float1: : 	74.40832730377866 GFLOPS
W/Float2: : 	80.62171597517684 GFLOPS
W/Float4: : 	73.92478980594886 GFLOPS
W/Float8: : 	85.45965500962788 GFLOPS
W/Float16: : 	85.44975281095502 GFLOPS
W/Double1: : 0.0 GDLOPS
W/Double2: : 0.0 GDLOPS
W/Double4: : 0.0 GDLOPS
W/Double8: : 0.0 GDLOPS
W/Double16: : 0.0 GDLOPS
W/Test:: Bandwith
W/Half1: : 		1.52969223179698 GB/s
W/Half2: : 		2.88225876116737 GB/s
W/Half4: : 		4.369487192788349 GB/s
W/Half8: : 		3.7762712167532553 GB/s
W/Half16: : 	2.6629569900490617 GB/s
W/Int1: : 		2.712319267317941 GB/s
W/Int2: : 		4.521718973791175 GB/s
W/Int4: : 		4.630799678348359 GB/s
W/Int8: : 		3.384828764220683 GB/s
W/Int16: : 		3.2043373089503606 GB/s
W/Float1: : 	3.037719336702076 GB/s
W/Float2: : 	4.518471547835324 GB/s
W/Float4: : 	4.302109107268994 GB/s
W/Float8: : 	3.3443257306910272 GB/s
W/Float16: :	3.214550960662125 GB/s
W/Double1: : 0.0 GB/s
W/Double2: : 0.0 GB/s
W/Double4: : 0.0 GB/s
W/Double8: : 0.0 GB/s
W/Double16: : 0.0 GB/s
W/Test:: Latency
W/Latency: : 320756.875 ns
W/Test:: Read/Write/Map/UnMap
W/clEnqueueReadBuffer:: 	4.6589321733422135 GB/s
W/clEnqueueWriteBuffer:: 	208.6894967411049 GB/s
W/clEnqueueMapBuffer:: 		181.3722303734934 GB/s
W/clEnqueueUnMapBuffer:: 	148.95251822702187 GB/s
W/Test:: Matrix Mul
W/Result:: 
	Matrix mul lws: 1024x1 time: 	3.483985
	Matrix mul lws: 512x2 time: 	3.501225
    Matrix mul lws: 256x4 time: 	3.493541
    Matrix mul lws: 128x8 time: 	3.501290
    Matrix mul lws: 64x16 time: 	3.483245
    Matrix mul lws: 32x32 time: 	1.210202
    Matrix mul lws: 16x64 time: 	5.092137
    Matrix mul lws: 8x128 time: 	5.102644
    Matrix mul lws: 4x256 time: 	5.083324
    Matrix mul lws: 2x512 time: 	5.595192
    Matrix mul lws: 1x1024 time: 	8.943253
    Matrix mul lws: nullptr time: 	3.410301
I/Choreographer: Skipped 16918 frames!  The application may be doing too much work on its main thread.
I/OpenGLRenderer: Davey! duration=281992ms; Flags=0, IntendedVsync=365377964571269, Vsync=365659931226657, OldestInputEvent=9223372036854775807, NewestInputEvent=0, HandleInputStart=365659946454555, AnimationStart=365659946838461, PerformTraversalsStart=365659948702888, DrawStart=365659949466117, SyncQueued=365659949775232, SyncStart=365659950769190, IssueDrawCommandsStart=365659951320180, SwapBuffers=365659954619451, FrameCompleted=365659958183878, DequeueBufferDuration=713802, QueueBufferDuration=2109740, GpuCompleted=0, 
